2026-01-22 16:36:55,185 - INFO - Teacher login attempt - CourseCode: MCA101
2026-01-22 16:36:55,187 - INFO - Teacher login successful - Course: Introduction To Programming
2026-01-22 16:43:23,442 - INFO - Scheduler initialized - Email alerts DISABLED
2026-01-22 16:43:23,449 - INFO - Server started - Auto-expire scheduler active
2026-01-22 16:54:35,531 - INFO - Server started - Auto-expire scheduler active
2026-01-22 17:10:28,879 - INFO - Server started - Auto-expire scheduler active
2026-01-22 17:10:40,662 - INFO - Teacher login attempt - CourseCode: MCA101
2026-01-22 17:10:40,663 - INFO - Teacher login successful - Course: Introduction To Programming
2026-01-22 17:53:51,365 - INFO - Server started - Auto-expire scheduler active
2026-01-22 17:55:44,947 - INFO - Server started - Auto-expire scheduler active
2026-01-22 17:56:23,591 - INFO - Teacher login attempt - CourseCode: MCA101
2026-01-22 17:56:23,593 - INFO - Teacher login successful - Course: Introduction To Programming
2026-01-22 18:04:58,517 - INFO - Server started - Auto-expire scheduler active
2026-01-22 18:19:51,069 - INFO - Server started - Auto-expire scheduler active
2026-01-22 18:25:18,708 - INFO - Server started - Auto-expire scheduler active
2026-01-22 18:30:04,630 - INFO - Server started - Auto-expire scheduler active
2026-01-22 18:36:24,681 - INFO - Server started - Auto-expire scheduler active
2026-01-22 18:41:11,585 - INFO - Server started - Auto-expire scheduler active
2026-01-22 18:44:13,926 - INFO - Server started - Auto-expire scheduler active
2026-01-22 19:12:11,184 - INFO - Server started - Auto-expire scheduler active
2026-01-22 19:23:20,378 - INFO - Server started - Auto-expire scheduler active
2026-01-22 19:23:38,379 - ERROR - Exception on /api/student/dashboard [GET]
Traceback (most recent call last):
  File "D:\PROJECT A.R.I.S.E\New Features testing in ARISE\A.R.I.S.E\venv\Lib\site-packages\flask\app.py", line 1511, in wsgi_app
    response = self.full_dispatch_request()
  File "D:\PROJECT A.R.I.S.E\New Features testing in ARISE\A.R.I.S.E\venv\Lib\site-packages\flask\app.py", line 919, in full_dispatch_request
    rv = self.handle_user_exception(e)
  File "D:\PROJECT A.R.I.S.E\New Features testing in ARISE\A.R.I.S.E\venv\Lib\site-packages\flask\app.py", line 917, in full_dispatch_request
    rv = self.dispatch_request()
  File "D:\PROJECT A.R.I.S.E\New Features testing in ARISE\A.R.I.S.E\venv\Lib\site-packages\flask\app.py", line 902, in dispatch_request
    return self.ensure_sync(self.view_functions[rule.endpoint])(**view_args)  # type: ignore[no-any-return]
           ~~~~~~~~~~~~~~~~~~~~~~~~~~~~~~~~~~~~~~~~~~~~~~~~~~~~^^^^^^^^^^^^^
  File "D:\Hackathon\Final little bit improvement\A.R.I.S.E\server.py", line 155, in decorated
    return f(data, *args, **kwargs)
  File "D:\Hackathon\Final little bit improvement\A.R.I.S.E\server.py", line 1288, in get_student_dashboard
    "semester_id": course.get('semester_id'),
                   ^^^^^^^^^^
AttributeError: 'sqlite3.Row' object has no attribute 'get'
2026-01-22 19:23:48,214 - ERROR - Exception on /api/student/dashboard [GET]
Traceback (most recent call last):
  File "D:\PROJECT A.R.I.S.E\New Features testing in ARISE\A.R.I.S.E\venv\Lib\site-packages\flask\app.py", line 1511, in wsgi_app
    response = self.full_dispatch_request()
  File "D:\PROJECT A.R.I.S.E\New Features testing in ARISE\A.R.I.S.E\venv\Lib\site-packages\flask\app.py", line 919, in full_dispatch_request
    rv = self.handle_user_exception(e)
  File "D:\PROJECT A.R.I.S.E\New Features testing in ARISE\A.R.I.S.E\venv\Lib\site-packages\flask\app.py", line 917, in full_dispatch_request
    rv = self.dispatch_request()
  File "D:\PROJECT A.R.I.S.E\New Features testing in ARISE\A.R.I.S.E\venv\Lib\site-packages\flask\app.py", line 902, in dispatch_request
    return self.ensure_sync(self.view_functions[rule.endpoint])(**view_args)  # type: ignore[no-any-return]
           ~~~~~~~~~~~~~~~~~~~~~~~~~~~~~~~~~~~~~~~~~~~~~~~~~~~~^^^^^^^^^^^^^
  File "D:\Hackathon\Final little bit improvement\A.R.I.S.E\server.py", line 155, in decorated
    return f(data, *args, **kwargs)
  File "D:\Hackathon\Final little bit improvement\A.R.I.S.E\server.py", line 1288, in get_student_dashboard
    "semester_id": course.get('semester_id'),
                   ^^^^^^^^^^
AttributeError: 'sqlite3.Row' object has no attribute 'get'
2026-01-22 19:23:48,405 - ERROR - Exception on /api/student/dashboard [GET]
Traceback (most recent call last):
  File "D:\PROJECT A.R.I.S.E\New Features testing in ARISE\A.R.I.S.E\venv\Lib\site-packages\flask\app.py", line 1511, in wsgi_app
    response = self.full_dispatch_request()
  File "D:\PROJECT A.R.I.S.E\New Features testing in ARISE\A.R.I.S.E\venv\Lib\site-packages\flask\app.py", line 919, in full_dispatch_request
    rv = self.handle_user_exception(e)
  File "D:\PROJECT A.R.I.S.E\New Features testing in ARISE\A.R.I.S.E\venv\Lib\site-packages\flask\app.py", line 917, in full_dispatch_request
    rv = self.dispatch_request()
  File "D:\PROJECT A.R.I.S.E\New Features testing in ARISE\A.R.I.S.E\venv\Lib\site-packages\flask\app.py", line 902, in dispatch_request
    return self.ensure_sync(self.view_functions[rule.endpoint])(**view_args)  # type: ignore[no-any-return]
           ~~~~~~~~~~~~~~~~~~~~~~~~~~~~~~~~~~~~~~~~~~~~~~~~~~~~^^^^^^^^^^^^^
  File "D:\Hackathon\Final little bit improvement\A.R.I.S.E\server.py", line 155, in decorated
    return f(data, *args, **kwargs)
  File "D:\Hackathon\Final little bit improvement\A.R.I.S.E\server.py", line 1288, in get_student_dashboard
    "semester_id": course.get('semester_id'),
                   ^^^^^^^^^^
AttributeError: 'sqlite3.Row' object has no attribute 'get'
2026-01-22 19:23:48,636 - ERROR - Exception on /api/student/dashboard [GET]
Traceback (most recent call last):
  File "D:\PROJECT A.R.I.S.E\New Features testing in ARISE\A.R.I.S.E\venv\Lib\site-packages\flask\app.py", line 1511, in wsgi_app
    response = self.full_dispatch_request()
  File "D:\PROJECT A.R.I.S.E\New Features testing in ARISE\A.R.I.S.E\venv\Lib\site-packages\flask\app.py", line 919, in full_dispatch_request
    rv = self.handle_user_exception(e)
  File "D:\PROJECT A.R.I.S.E\New Features testing in ARISE\A.R.I.S.E\venv\Lib\site-packages\flask\app.py", line 917, in full_dispatch_request
    rv = self.dispatch_request()
  File "D:\PROJECT A.R.I.S.E\New Features testing in ARISE\A.R.I.S.E\venv\Lib\site-packages\flask\app.py", line 902, in dispatch_request
    return self.ensure_sync(self.view_functions[rule.endpoint])(**view_args)  # type: ignore[no-any-return]
           ~~~~~~~~~~~~~~~~~~~~~~~~~~~~~~~~~~~~~~~~~~~~~~~~~~~~^^^^^^^^^^^^^
  File "D:\Hackathon\Final little bit improvement\A.R.I.S.E\server.py", line 155, in decorated
    return f(data, *args, **kwargs)
  File "D:\Hackathon\Final little bit improvement\A.R.I.S.E\server.py", line 1288, in get_student_dashboard
    "semester_id": course.get('semester_id'),
                   ^^^^^^^^^^
AttributeError: 'sqlite3.Row' object has no attribute 'get'
2026-01-22 19:24:09,632 - ERROR - Exception on /api/student/dashboard [GET]
Traceback (most recent call last):
  File "D:\PROJECT A.R.I.S.E\New Features testing in ARISE\A.R.I.S.E\venv\Lib\site-packages\flask\app.py", line 1511, in wsgi_app
    response = self.full_dispatch_request()
  File "D:\PROJECT A.R.I.S.E\New Features testing in ARISE\A.R.I.S.E\venv\Lib\site-packages\flask\app.py", line 919, in full_dispatch_request
    rv = self.handle_user_exception(e)
  File "D:\PROJECT A.R.I.S.E\New Features testing in ARISE\A.R.I.S.E\venv\Lib\site-packages\flask\app.py", line 917, in full_dispatch_request
    rv = self.dispatch_request()
  File "D:\PROJECT A.R.I.S.E\New Features testing in ARISE\A.R.I.S.E\venv\Lib\site-packages\flask\app.py", line 902, in dispatch_request
    return self.ensure_sync(self.view_functions[rule.endpoint])(**view_args)  # type: ignore[no-any-return]
           ~~~~~~~~~~~~~~~~~~~~~~~~~~~~~~~~~~~~~~~~~~~~~~~~~~~~^^^^^^^^^^^^^
  File "D:\Hackathon\Final little bit improvement\A.R.I.S.E\server.py", line 155, in decorated
    return f(data, *args, **kwargs)
  File "D:\Hackathon\Final little bit improvement\A.R.I.S.E\server.py", line 1288, in get_student_dashboard
    "semester_id": course.get('semester_id'),
                   ^^^^^^^^^^
AttributeError: 'sqlite3.Row' object has no attribute 'get'
2026-01-22 19:24:14,231 - ERROR - Exception on /api/student/dashboard [GET]
Traceback (most recent call last):
  File "D:\PROJECT A.R.I.S.E\New Features testing in ARISE\A.R.I.S.E\venv\Lib\site-packages\flask\app.py", line 1511, in wsgi_app
    response = self.full_dispatch_request()
  File "D:\PROJECT A.R.I.S.E\New Features testing in ARISE\A.R.I.S.E\venv\Lib\site-packages\flask\app.py", line 919, in full_dispatch_request
    rv = self.handle_user_exception(e)
  File "D:\PROJECT A.R.I.S.E\New Features testing in ARISE\A.R.I.S.E\venv\Lib\site-packages\flask\app.py", line 917, in full_dispatch_request
    rv = self.dispatch_request()
  File "D:\PROJECT A.R.I.S.E\New Features testing in ARISE\A.R.I.S.E\venv\Lib\site-packages\flask\app.py", line 902, in dispatch_request
    return self.ensure_sync(self.view_functions[rule.endpoint])(**view_args)  # type: ignore[no-any-return]
           ~~~~~~~~~~~~~~~~~~~~~~~~~~~~~~~~~~~~~~~~~~~~~~~~~~~~^^^^^^^^^^^^^
  File "D:\Hackathon\Final little bit improvement\A.R.I.S.E\server.py", line 155, in decorated
    return f(data, *args, **kwargs)
  File "D:\Hackathon\Final little bit improvement\A.R.I.S.E\server.py", line 1288, in get_student_dashboard
    "semester_id": course.get('semester_id'),
                   ^^^^^^^^^^
AttributeError: 'sqlite3.Row' object has no attribute 'get'
2026-01-22 19:24:14,439 - ERROR - Exception on /api/student/dashboard [GET]
Traceback (most recent call last):
  File "D:\PROJECT A.R.I.S.E\New Features testing in ARISE\A.R.I.S.E\venv\Lib\site-packages\flask\app.py", line 1511, in wsgi_app
    response = self.full_dispatch_request()
  File "D:\PROJECT A.R.I.S.E\New Features testing in ARISE\A.R.I.S.E\venv\Lib\site-packages\flask\app.py", line 919, in full_dispatch_request
    rv = self.handle_user_exception(e)
  File "D:\PROJECT A.R.I.S.E\New Features testing in ARISE\A.R.I.S.E\venv\Lib\site-packages\flask\app.py", line 917, in full_dispatch_request
    rv = self.dispatch_request()
  File "D:\PROJECT A.R.I.S.E\New Features testing in ARISE\A.R.I.S.E\venv\Lib\site-packages\flask\app.py", line 902, in dispatch_request
    return self.ensure_sync(self.view_functions[rule.endpoint])(**view_args)  # type: ignore[no-any-return]
           ~~~~~~~~~~~~~~~~~~~~~~~~~~~~~~~~~~~~~~~~~~~~~~~~~~~~^^^^^^^^^^^^^
  File "D:\Hackathon\Final little bit improvement\A.R.I.S.E\server.py", line 155, in decorated
    return f(data, *args, **kwargs)
  File "D:\Hackathon\Final little bit improvement\A.R.I.S.E\server.py", line 1288, in get_student_dashboard
    "semester_id": course.get('semester_id'),
                   ^^^^^^^^^^
AttributeError: 'sqlite3.Row' object has no attribute 'get'
2026-01-22 19:24:28,489 - ERROR - Exception on /api/student/dashboard [GET]
Traceback (most recent call last):
  File "D:\PROJECT A.R.I.S.E\New Features testing in ARISE\A.R.I.S.E\venv\Lib\site-packages\flask\app.py", line 1511, in wsgi_app
    response = self.full_dispatch_request()
  File "D:\PROJECT A.R.I.S.E\New Features testing in ARISE\A.R.I.S.E\venv\Lib\site-packages\flask\app.py", line 919, in full_dispatch_request
    rv = self.handle_user_exception(e)
  File "D:\PROJECT A.R.I.S.E\New Features testing in ARISE\A.R.I.S.E\venv\Lib\site-packages\flask\app.py", line 917, in full_dispatch_request
    rv = self.dispatch_request()
  File "D:\PROJECT A.R.I.S.E\New Features testing in ARISE\A.R.I.S.E\venv\Lib\site-packages\flask\app.py", line 902, in dispatch_request
    return self.ensure_sync(self.view_functions[rule.endpoint])(**view_args)  # type: ignore[no-any-return]
           ~~~~~~~~~~~~~~~~~~~~~~~~~~~~~~~~~~~~~~~~~~~~~~~~~~~~^^^^^^^^^^^^^
  File "D:\Hackathon\Final little bit improvement\A.R.I.S.E\server.py", line 155, in decorated
    return f(data, *args, **kwargs)
  File "D:\Hackathon\Final little bit improvement\A.R.I.S.E\server.py", line 1288, in get_student_dashboard
    "semester_id": course.get('semester_id'),
                   ^^^^^^^^^^
AttributeError: 'sqlite3.Row' object has no attribute 'get'
2026-01-22 19:28:35,164 - INFO - Server started - Auto-expire scheduler active
2026-01-22 19:44:03,221 - INFO - Server started - Auto-expire scheduler active
2026-01-22 19:50:36,276 - INFO - Server started - Auto-expire scheduler active
2026-01-22 19:54:00,843 - INFO - Server started - Auto-expire scheduler active
2026-01-22 19:54:33,839 - ERROR - Exception on /api/student/leaderboard [GET]
Traceback (most recent call last):
  File "D:\PROJECT A.R.I.S.E\New Features testing in ARISE\A.R.I.S.E\venv\Lib\site-packages\flask\app.py", line 1511, in wsgi_app
    response = self.full_dispatch_request()
  File "D:\PROJECT A.R.I.S.E\New Features testing in ARISE\A.R.I.S.E\venv\Lib\site-packages\flask\app.py", line 919, in full_dispatch_request
    rv = self.handle_user_exception(e)
  File "D:\PROJECT A.R.I.S.E\New Features testing in ARISE\A.R.I.S.E\venv\Lib\site-packages\flask\app.py", line 917, in full_dispatch_request
    rv = self.dispatch_request()
  File "D:\PROJECT A.R.I.S.E\New Features testing in ARISE\A.R.I.S.E\venv\Lib\site-packages\flask\app.py", line 902, in dispatch_request
    return self.ensure_sync(self.view_functions[rule.endpoint])(**view_args)  # type: ignore[no-any-return]
           ~~~~~~~~~~~~~~~~~~~~~~~~~~~~~~~~~~~~~~~~~~~~~~~~~~~~^^^^^^^^^^^^^
  File "D:\Hackathon\Final little bit improvement\A.R.I.S.E\server.py", line 155, in decorated
    return f(data, *args, **kwargs)
  File "D:\Hackathon\Final little bit improvement\A.R.I.S.E\server.py", line 2102, in get_leaderboard
    students = conn.execute(students_query, params).fetchall()
               ~~~~~~~~~~~~^^^^^^^^^^^^^^^^^^^^^^^^
sqlite3.OperationalError: no such column: e.semester_id
2026-01-22 19:54:54,638 - ERROR - Exception on /api/student/leaderboard [GET]
Traceback (most recent call last):
  File "D:\PROJECT A.R.I.S.E\New Features testing in ARISE\A.R.I.S.E\venv\Lib\site-packages\flask\app.py", line 1511, in wsgi_app
    response = self.full_dispatch_request()
  File "D:\PROJECT A.R.I.S.E\New Features testing in ARISE\A.R.I.S.E\venv\Lib\site-packages\flask\app.py", line 919, in full_dispatch_request
    rv = self.handle_user_exception(e)
  File "D:\PROJECT A.R.I.S.E\New Features testing in ARISE\A.R.I.S.E\venv\Lib\site-packages\flask\app.py", line 917, in full_dispatch_request
    rv = self.dispatch_request()
  File "D:\PROJECT A.R.I.S.E\New Features testing in ARISE\A.R.I.S.E\venv\Lib\site-packages\flask\app.py", line 902, in dispatch_request
    return self.ensure_sync(self.view_functions[rule.endpoint])(**view_args)  # type: ignore[no-any-return]
           ~~~~~~~~~~~~~~~~~~~~~~~~~~~~~~~~~~~~~~~~~~~~~~~~~~~~^^^^^^^^^^^^^
  File "D:\Hackathon\Final little bit improvement\A.R.I.S.E\server.py", line 155, in decorated
    return f(data, *args, **kwargs)
  File "D:\Hackathon\Final little bit improvement\A.R.I.S.E\server.py", line 2102, in get_leaderboard
    students = conn.execute(students_query, params).fetchall()
               ~~~~~~~~~~~~^^^^^^^^^^^^^^^^^^^^^^^^
sqlite3.OperationalError: no such column: e.semester_id
2026-01-22 19:55:06,177 - ERROR - Exception on /api/student/leaderboard [GET]
Traceback (most recent call last):
  File "D:\PROJECT A.R.I.S.E\New Features testing in ARISE\A.R.I.S.E\venv\Lib\site-packages\flask\app.py", line 1511, in wsgi_app
    response = self.full_dispatch_request()
  File "D:\PROJECT A.R.I.S.E\New Features testing in ARISE\A.R.I.S.E\venv\Lib\site-packages\flask\app.py", line 919, in full_dispatch_request
    rv = self.handle_user_exception(e)
  File "D:\PROJECT A.R.I.S.E\New Features testing in ARISE\A.R.I.S.E\venv\Lib\site-packages\flask\app.py", line 917, in full_dispatch_request
    rv = self.dispatch_request()
  File "D:\PROJECT A.R.I.S.E\New Features testing in ARISE\A.R.I.S.E\venv\Lib\site-packages\flask\app.py", line 902, in dispatch_request
    return self.ensure_sync(self.view_functions[rule.endpoint])(**view_args)  # type: ignore[no-any-return]
           ~~~~~~~~~~~~~~~~~~~~~~~~~~~~~~~~~~~~~~~~~~~~~~~~~~~~^^^^^^^^^^^^^
  File "D:\Hackathon\Final little bit improvement\A.R.I.S.E\server.py", line 155, in decorated
    return f(data, *args, **kwargs)
  File "D:\Hackathon\Final little bit improvement\A.R.I.S.E\server.py", line 2102, in get_leaderboard
    students = conn.execute(students_query, params).fetchall()
               ~~~~~~~~~~~~^^^^^^^^^^^^^^^^^^^^^^^^
sqlite3.OperationalError: no such column: e.semester_id
2026-01-22 19:55:26,720 - ERROR - Exception on /api/student/leaderboard [GET]
Traceback (most recent call last):
  File "D:\PROJECT A.R.I.S.E\New Features testing in ARISE\A.R.I.S.E\venv\Lib\site-packages\flask\app.py", line 1511, in wsgi_app
    response = self.full_dispatch_request()
  File "D:\PROJECT A.R.I.S.E\New Features testing in ARISE\A.R.I.S.E\venv\Lib\site-packages\flask\app.py", line 919, in full_dispatch_request
    rv = self.handle_user_exception(e)
  File "D:\PROJECT A.R.I.S.E\New Features testing in ARISE\A.R.I.S.E\venv\Lib\site-packages\flask\app.py", line 917, in full_dispatch_request
    rv = self.dispatch_request()
  File "D:\PROJECT A.R.I.S.E\New Features testing in ARISE\A.R.I.S.E\venv\Lib\site-packages\flask\app.py", line 902, in dispatch_request
    return self.ensure_sync(self.view_functions[rule.endpoint])(**view_args)  # type: ignore[no-any-return]
           ~~~~~~~~~~~~~~~~~~~~~~~~~~~~~~~~~~~~~~~~~~~~~~~~~~~~^^^^^^^^^^^^^
  File "D:\Hackathon\Final little bit improvement\A.R.I.S.E\server.py", line 155, in decorated
    return f(data, *args, **kwargs)
  File "D:\Hackathon\Final little bit improvement\A.R.I.S.E\server.py", line 2102, in get_leaderboard
    students = conn.execute(students_query, params).fetchall()
               ~~~~~~~~~~~~^^^^^^^^^^^^^^^^^^^^^^^^
sqlite3.OperationalError: no such column: e.semester_id
2026-01-22 19:55:40,230 - ERROR - Exception on /api/student/leaderboard [GET]
Traceback (most recent call last):
  File "D:\PROJECT A.R.I.S.E\New Features testing in ARISE\A.R.I.S.E\venv\Lib\site-packages\flask\app.py", line 1511, in wsgi_app
    response = self.full_dispatch_request()
  File "D:\PROJECT A.R.I.S.E\New Features testing in ARISE\A.R.I.S.E\venv\Lib\site-packages\flask\app.py", line 919, in full_dispatch_request
    rv = self.handle_user_exception(e)
  File "D:\PROJECT A.R.I.S.E\New Features testing in ARISE\A.R.I.S.E\venv\Lib\site-packages\flask\app.py", line 917, in full_dispatch_request
    rv = self.dispatch_request()
  File "D:\PROJECT A.R.I.S.E\New Features testing in ARISE\A.R.I.S.E\venv\Lib\site-packages\flask\app.py", line 902, in dispatch_request
    return self.ensure_sync(self.view_functions[rule.endpoint])(**view_args)  # type: ignore[no-any-return]
           ~~~~~~~~~~~~~~~~~~~~~~~~~~~~~~~~~~~~~~~~~~~~~~~~~~~~^^^^^^^^^^^^^
  File "D:\Hackathon\Final little bit improvement\A.R.I.S.E\server.py", line 155, in decorated
    return f(data, *args, **kwargs)
  File "D:\Hackathon\Final little bit improvement\A.R.I.S.E\server.py", line 2102, in get_leaderboard
    students = conn.execute(students_query, params).fetchall()
               ~~~~~~~~~~~~^^^^^^^^^^^^^^^^^^^^^^^^
sqlite3.OperationalError: no such column: e.semester_id
2026-01-22 19:58:38,419 - INFO - Server started - Auto-expire scheduler active
2026-01-22 19:59:29,669 - ERROR - Exception on /api/student/leaderboard [GET]
Traceback (most recent call last):
  File "D:\PROJECT A.R.I.S.E\New Features testing in ARISE\A.R.I.S.E\venv\Lib\site-packages\flask\app.py", line 1511, in wsgi_app
    response = self.full_dispatch_request()
  File "D:\PROJECT A.R.I.S.E\New Features testing in ARISE\A.R.I.S.E\venv\Lib\site-packages\flask\app.py", line 919, in full_dispatch_request
    rv = self.handle_user_exception(e)
  File "D:\PROJECT A.R.I.S.E\New Features testing in ARISE\A.R.I.S.E\venv\Lib\site-packages\flask\app.py", line 917, in full_dispatch_request
    rv = self.dispatch_request()
  File "D:\PROJECT A.R.I.S.E\New Features testing in ARISE\A.R.I.S.E\venv\Lib\site-packages\flask\app.py", line 902, in dispatch_request
    return self.ensure_sync(self.view_functions[rule.endpoint])(**view_args)  # type: ignore[no-any-return]
           ~~~~~~~~~~~~~~~~~~~~~~~~~~~~~~~~~~~~~~~~~~~~~~~~~~~~^^^^^^^^^^^^^
  File "D:\Hackathon\Final little bit improvement\A.R.I.S.E\server.py", line 155, in decorated
    return f(data, *args, **kwargs)
  File "D:\Hackathon\Final little bit improvement\A.R.I.S.E\server.py", line 2102, in get_leaderboard
    params = []
           ^^^^
sqlite3.OperationalError: no such column: e.semester_id
2026-01-22 20:05:10,882 - INFO - Server started - Auto-expire scheduler active
2026-01-22 20:10:16,974 - INFO - Server started - Auto-expire scheduler active
2026-01-22 20:17:05,660 - INFO - Server started - Auto-expire scheduler active
2026-01-22 20:23:52,241 - INFO - Server started - Auto-expire scheduler active
2026-01-22 20:27:58,669 - INFO - Server started - Auto-expire scheduler active
2026-01-22 20:31:07,204 - INFO - Server started - Auto-expire scheduler active
2026-01-22 20:34:20,207 - INFO - Server started - Auto-expire scheduler active
2026-01-22 20:39:40,113 - INFO - Server started - Auto-expire scheduler active
2026-01-22 20:42:40,543 - INFO - Server started - Auto-expire scheduler active
2026-01-22 20:46:54,797 - INFO - Server started - Auto-expire scheduler active
2026-01-22 20:50:20,051 - INFO - Server started - Auto-expire scheduler active
2026-01-22 20:55:31,093 - INFO - Server started - Auto-expire scheduler active
2026-01-22 20:59:58,467 - INFO - Server started - Auto-expire scheduler active
2026-01-22 21:04:04,860 - INFO - Server started - Auto-expire scheduler active
2026-01-22 21:09:18,838 - INFO - Server started - Auto-expire scheduler active
2026-01-22 21:20:19,420 - INFO - Server started - Auto-expire scheduler active
2026-01-22 21:20:39,401 - ERROR - Error in analytics trends: no such column: s.date
2026-01-22 21:23:01,335 - ERROR - Error in analytics trends: no such column: s.date
2026-01-22 21:23:48,776 - ERROR - Error in analytics trends: no such column: s.date
2026-01-22 21:27:08,573 - INFO - Server started - Auto-expire scheduler active
2026-01-22 21:33:55,648 - INFO - Server started - Auto-expire scheduler active
2026-01-22 21:38:39,427 - ERROR - Error in analytics trends: no such column: s.date
2026-01-22 21:47:50,814 - INFO - Server started - Auto-expire scheduler active
2026-01-22 21:53:41,586 - INFO - Server started - Auto-expire scheduler active
2026-01-22 21:59:43,640 - INFO - Server started - Auto-expire scheduler active
2026-01-22 22:04:06,171 - INFO - Server started - Auto-expire scheduler active
2026-01-22 22:12:50,863 - INFO - Server started - Auto-expire scheduler active
2026-01-22 22:13:04,254 - INFO - Server started - Auto-expire scheduler active
2026-01-22 22:18:38,958 - INFO - Server started - Auto-expire scheduler active
2026-01-22 22:45:04,880 - INFO - Server started - Auto-expire scheduler active
2026-01-22 22:50:43,268 - INFO - Server started - Auto-expire scheduler active
2026-01-22 22:54:16,687 - INFO - Server started - Auto-expire scheduler active
2026-01-22 22:54:49,651 - ERROR - Error on request:
Traceback (most recent call last):
  File "D:\PROJECT A.R.I.S.E\New Features testing in ARISE\A.R.I.S.E\venv\Lib\site-packages\werkzeug\serving.py", line 370, in run_wsgi
    execute(self.server.app)
    ~~~~~~~^^^^^^^^^^^^^^^^^
  File "D:\PROJECT A.R.I.S.E\New Features testing in ARISE\A.R.I.S.E\venv\Lib\site-packages\werkzeug\serving.py", line 355, in execute
    data = self.rfile.read(10_000_000)
MemoryError
2026-01-22 22:54:49,652 - ERROR - Error on request:
Traceback (most recent call last):
  File "D:\PROJECT A.R.I.S.E\New Features testing in ARISE\A.R.I.S.E\venv\Lib\site-packages\werkzeug\serving.py", line 370, in run_wsgi
    execute(self.server.app)
    ~~~~~~~^^^^^^^^^^^^^^^^^
  File "D:\PROJECT A.R.I.S.E\New Features testing in ARISE\A.R.I.S.E\venv\Lib\site-packages\werkzeug\serving.py", line 355, in execute
    data = self.rfile.read(10_000_000)
MemoryError
2026-01-22 22:54:49,653 - ERROR - Error on request:
Traceback (most recent call last):
  File "D:\PROJECT A.R.I.S.E\New Features testing in ARISE\A.R.I.S.E\venv\Lib\site-packages\werkzeug\serving.py", line 370, in run_wsgi
    execute(self.server.app)
    ~~~~~~~^^^^^^^^^^^^^^^^^
  File "D:\PROJECT A.R.I.S.E\New Features testing in ARISE\A.R.I.S.E\venv\Lib\site-packages\werkzeug\serving.py", line 355, in execute
    data = self.rfile.read(10_000_000)
MemoryError
2026-01-22 22:54:49,656 - ERROR - Error on request:
Traceback (most recent call last):
  File "D:\PROJECT A.R.I.S.E\New Features testing in ARISE\A.R.I.S.E\venv\Lib\site-packages\werkzeug\serving.py", line 370, in run_wsgi
    execute(self.server.app)
    ~~~~~~~^^^^^^^^^^^^^^^^^
  File "D:\PROJECT A.R.I.S.E\New Features testing in ARISE\A.R.I.S.E\venv\Lib\site-packages\werkzeug\serving.py", line 355, in execute
    data = self.rfile.read(10_000_000)
MemoryError
2026-01-22 22:54:49,655 - ERROR - Error on request:
Traceback (most recent call last):
  File "D:\PROJECT A.R.I.S.E\New Features testing in ARISE\A.R.I.S.E\venv\Lib\site-packages\werkzeug\serving.py", line 370, in run_wsgi
    execute(self.server.app)
    ~~~~~~~^^^^^^^^^^^^^^^^^
  File "D:\PROJECT A.R.I.S.E\New Features testing in ARISE\A.R.I.S.E\venv\Lib\site-packages\werkzeug\serving.py", line 355, in execute
    data = self.rfile.read(10_000_000)
MemoryError
2026-01-22 22:55:49,965 - INFO - Server started - Auto-expire scheduler active
2026-01-22 22:56:38,443 - ERROR - Error on request:
Traceback (most recent call last):
  File "D:\PROJECT A.R.I.S.E\New Features testing in ARISE\A.R.I.S.E\venv\Lib\site-packages\werkzeug\serving.py", line 370, in run_wsgi
    execute(self.server.app)
    ~~~~~~~^^^^^^^^^^^^^^^^^
  File "D:\PROJECT A.R.I.S.E\New Features testing in ARISE\A.R.I.S.E\venv\Lib\site-packages\werkzeug\serving.py", line 355, in execute
    data = self.rfile.read(10_000_000)
MemoryError
2026-01-22 22:56:38,444 - ERROR - Error on request:
Traceback (most recent call last):
  File "D:\PROJECT A.R.I.S.E\New Features testing in ARISE\A.R.I.S.E\venv\Lib\site-packages\werkzeug\serving.py", line 370, in run_wsgi
    execute(self.server.app)
    ~~~~~~~^^^^^^^^^^^^^^^^^
  File "D:\PROJECT A.R.I.S.E\New Features testing in ARISE\A.R.I.S.E\venv\Lib\site-packages\werkzeug\serving.py", line 355, in execute
    data = self.rfile.read(10_000_000)
MemoryError
2026-01-22 22:56:41,804 - ERROR - Error on request:
Traceback (most recent call last):
  File "D:\PROJECT A.R.I.S.E\New Features testing in ARISE\A.R.I.S.E\venv\Lib\site-packages\werkzeug\serving.py", line 370, in run_wsgi
    execute(self.server.app)
    ~~~~~~~^^^^^^^^^^^^^^^^^
  File "D:\PROJECT A.R.I.S.E\New Features testing in ARISE\A.R.I.S.E\venv\Lib\site-packages\werkzeug\serving.py", line 355, in execute
    data = self.rfile.read(10_000_000)
MemoryError
2026-01-22 22:56:42,911 - ERROR - Error on request:
Traceback (most recent call last):
  File "D:\PROJECT A.R.I.S.E\New Features testing in ARISE\A.R.I.S.E\venv\Lib\site-packages\werkzeug\serving.py", line 370, in run_wsgi
    execute(self.server.app)
    ~~~~~~~^^^^^^^^^^^^^^^^^
  File "D:\PROJECT A.R.I.S.E\New Features testing in ARISE\A.R.I.S.E\venv\Lib\site-packages\werkzeug\serving.py", line 355, in execute
    data = self.rfile.read(10_000_000)
MemoryError
2026-01-22 23:04:44,580 - INFO - Server started - Auto-expire scheduler active
2026-01-22 23:17:25,576 - INFO - Server started - Auto-expire scheduler active
2026-01-24 00:13:53,067 - INFO - Server started - Auto-expire scheduler active
2026-01-24 00:13:53,080 - INFO - Default Batch Name set to 'My Classroom Pod'.
2026-01-24 00:18:58,981 - INFO - Server started - Auto-expire scheduler active
2026-01-24 00:25:50,117 - INFO - Server started - Auto-expire scheduler active
2026-01-24 00:26:36,991 - INFO - Server started - Auto-expire scheduler active
2026-01-24 00:30:22,532 - INFO - Server started - Auto-expire scheduler active
2026-01-24 00:57:40,396 - INFO - Server started - Auto-expire scheduler active
2026-01-24 01:03:19,852 - INFO - Server started - Auto-expire scheduler active
2026-01-24 01:24:44,272 - INFO - Server started - Auto-expire scheduler active
2026-01-24 01:46:20,719 - INFO - Server started - Auto-expire scheduler active
2026-01-25 22:25:40,180 - INFO - Server started - Auto-expire scheduler active
2026-01-25 22:28:57,040 - INFO - Server started - Auto-expire scheduler active
2026-01-25 22:30:38,271 - INFO - Server started - Auto-expire scheduler active
2026-01-25 22:31:20,248 - INFO - Server started - Auto-expire scheduler active
2026-01-25 22:32:20,431 - INFO - Server started - Auto-expire scheduler active
2026-01-25 22:36:30,112 - INFO - Server started - Auto-expire scheduler active
2026-01-25 22:37:31,011 - INFO - Server started - Auto-expire scheduler active
2026-01-25 22:38:13,098 - INFO - Server started - Auto-expire scheduler active
